2025-06-11 18:40:04 [ERROR]: Error in cron job: 
Invalid `prisma.user.count()` invocation in
E:\Development\RankMarg\RankMarg-Official\apps\backend\src\services\auto\performance.service.ts:16:43

  13 let offset = 0;
  14 
  15 while (true) {
→ 16   const userCount = await prisma.user.count(
Error querying the database: ERROR: The requested endpoint could not be found, or you don't have access to it. Please check the provided ID and try again.
2025-06-11 18:45:02 [ERROR]: Error in cron job: 
Invalid `prisma.user.count()` invocation in
E:\Development\RankMarg\RankMarg-Official\apps\backend\src\services\auto\performance.service.ts:16:43

  13 let offset = 0;
  14 
  15 while (true) {
→ 16   const userCount = await prisma.user.count(
Error querying the database: ERROR: The requested endpoint could not be found, or you don't have access to it. Please check the provided ID and try again.
2025-06-11 18:50:03 [ERROR]: Error in cron job: 
Invalid `prisma.user.count()` invocation in
E:\Development\RankMarg\RankMarg-Official\apps\backend\src\services\auto\performance.service.ts:16:43

  13 let offset = 0;
  14 
  15 while (true) {
→ 16   const userCount = await prisma.user.count(
Error querying the database: ERROR: The requested endpoint could not be found, or you don't have access to it. Please check the provided ID and try again.
2025-06-11 18:54:02 [ERROR]: Error in cron job: 
Invalid `prisma.user.count()` invocation in
E:\Development\RankMarg\RankMarg-Official\apps\backend\src\services\auto\performance.service.ts:16:43

  13 let offset = 0;
  14 
  15 while (true) {
→ 16   const userCount = await prisma.user.count(
Error querying the database: ERROR: The requested endpoint could not be found, or you don't have access to it. Please check the provided ID and try again.
2025-06-11 18:55:03 [ERROR]: Error in cron job: 
Invalid `prisma.user.count()` invocation in
E:\Development\RankMarg\RankMarg-Official\apps\backend\src\services\auto\performance.service.ts:16:43

  13 let offset = 0;
  14 
  15 while (true) {
→ 16   const userCount = await prisma.user.count(
Error querying the database: ERROR: The requested endpoint could not be found, or you don't have access to it. Please check the provided ID and try again.
2025-06-11 18:56:02 [ERROR]: Error in cron job: 
Invalid `prisma.user.findMany()` invocation in
E:\Development\RankMarg\RankMarg-Official\apps\backend\src\index.ts:27:36

  24 try {
  25   logger.info("Running daily tasks for JEE/NEET students");
  26 
→ 27   const user = await prisma.user.findMany(
Error querying the database: ERROR: The requested endpoint could not be found, or you don't have access to it. Please check the provided ID and try again.
2025-06-11 18:56:02 [ERROR]: Error in cron job: 
Invalid `prisma.user.count()` invocation in
E:\Development\RankMarg\RankMarg-Official\apps\backend\src\services\auto\performance.service.ts:16:43

  13 let offset = 0;
  14 
  15 while (true) {
→ 16   const userCount = await prisma.user.count(
Error querying the database: ERROR: The requested endpoint could not be found, or you don't have access to it. Please check the provided ID and try again.
2025-06-11 18:57:03 [ERROR]: Error in cron job: 
Invalid `prisma.user.findMany()` invocation in
E:\Development\RankMarg\RankMarg-Official\apps\backend\src\index.ts:27:36

  24 try {
  25   logger.info("Running daily tasks for JEE/NEET students");
  26 
→ 27   const user = await prisma.user.findMany(
Error querying the database: ERROR: The requested endpoint could not be found, or you don't have access to it. Please check the provided ID and try again.
2025-06-11 18:57:03 [ERROR]: Error in cron job: 
Invalid `prisma.user.count()` invocation in
E:\Development\RankMarg\RankMarg-Official\apps\backend\src\services\auto\performance.service.ts:16:43

  13 let offset = 0;
  14 
  15 while (true) {
→ 16   const userCount = await prisma.user.count(
Error querying the database: ERROR: The requested endpoint could not be found, or you don't have access to it. Please check the provided ID and try again.
2025-06-11 18:58:02 [ERROR]: Error in cron job: 
Invalid `prisma.user.findMany()` invocation in
E:\Development\RankMarg\RankMarg-Official\apps\backend\src\index.ts:27:36

  24 try {
  25   logger.info("Running daily tasks for JEE/NEET students");
  26 
→ 27   const user = await prisma.user.findMany(
Error querying the database: ERROR: The requested endpoint could not be found, or you don't have access to it. Please check the provided ID and try again.
2025-06-11 18:58:02 [ERROR]: Error in cron job: 
Invalid `prisma.user.count()` invocation in
E:\Development\RankMarg\RankMarg-Official\apps\backend\src\services\auto\performance.service.ts:16:43

  13 let offset = 0;
  14 
  15 while (true) {
→ 16   const userCount = await prisma.user.count(
Error querying the database: ERROR: The requested endpoint could not be found, or you don't have access to it. Please check the provided ID and try again.
2025-06-11 18:59:03 [ERROR]: Error in cron job: 
Invalid `prisma.user.findMany()` invocation in
E:\Development\RankMarg\RankMarg-Official\apps\backend\src\index.ts:27:36

  24 try {
  25   logger.info("Running daily tasks for JEE/NEET students");
  26 
→ 27   const user = await prisma.user.findMany(
Error querying the database: ERROR: The requested endpoint could not be found, or you don't have access to it. Please check the provided ID and try again.
2025-06-11 18:59:03 [ERROR]: Error in cron job: 
Invalid `prisma.user.count()` invocation in
E:\Development\RankMarg\RankMarg-Official\apps\backend\src\services\auto\performance.service.ts:16:43

  13 let offset = 0;
  14 
  15 while (true) {
→ 16   const userCount = await prisma.user.count(
Error querying the database: ERROR: The requested endpoint could not be found, or you don't have access to it. Please check the provided ID and try again.
2025-06-11 19:00:03 [ERROR]: Error in cron job: 
Invalid `prisma.user.findMany()` invocation in
E:\Development\RankMarg\RankMarg-Official\apps\backend\src\index.ts:27:36

  24 try {
  25   logger.info("Running daily tasks for JEE/NEET students");
  26 
→ 27   const user = await prisma.user.findMany(
Error querying the database: ERROR: The requested endpoint could not be found, or you don't have access to it. Please check the provided ID and try again.
2025-06-11 19:00:03 [ERROR]: Error in cron job: 
Invalid `prisma.user.count()` invocation in
E:\Development\RankMarg\RankMarg-Official\apps\backend\src\services\auto\performance.service.ts:16:43

  13 let offset = 0;
  14 
  15 while (true) {
→ 16   const userCount = await prisma.user.count(
Error querying the database: ERROR: The requested endpoint could not be found, or you don't have access to it. Please check the provided ID and try again.
2025-06-11 19:01:04 [ERROR]: Error in cron job: 
Invalid `prisma.user.findMany()` invocation in
E:\Development\RankMarg\RankMarg-Official\apps\backend\src\index.ts:27:36

  24 try {
  25   logger.info("Running daily tasks for JEE/NEET students");
  26 
→ 27   const user = await prisma.user.findMany(
Error querying the database: ERROR: The requested endpoint could not be found, or you don't have access to it. Please check the provided ID and try again.
2025-06-11 19:01:04 [ERROR]: Error in cron job: 
Invalid `prisma.user.count()` invocation in
E:\Development\RankMarg\RankMarg-Official\apps\backend\src\services\auto\performance.service.ts:16:43

  13 let offset = 0;
  14 
  15 while (true) {
→ 16   const userCount = await prisma.user.count(
Error querying the database: ERROR: The requested endpoint could not be found, or you don't have access to it. Please check the provided ID and try again.
2025-06-11 19:02:04 [ERROR]: Error in cron job: 
Invalid `prisma.user.findMany()` invocation in
E:\Development\RankMarg\RankMarg-Official\apps\backend\src\index.ts:27:36

  24 try {
  25   logger.info("Running daily tasks for JEE/NEET students");
  26 
→ 27   const user = await prisma.user.findMany(
Error querying the database: ERROR: The requested endpoint could not be found, or you don't have access to it. Please check the provided ID and try again.
2025-06-11 19:02:04 [ERROR]: Error in cron job: 
Invalid `prisma.user.count()` invocation in
E:\Development\RankMarg\RankMarg-Official\apps\backend\src\services\auto\performance.service.ts:16:43

  13 let offset = 0;
  14 
  15 while (true) {
→ 16   const userCount = await prisma.user.count(
Error querying the database: ERROR: The requested endpoint could not be found, or you don't have access to it. Please check the provided ID and try again.
2025-06-11 19:03:05 [ERROR]: Error in cron job: 
Invalid `prisma.user.findMany()` invocation in
E:\Development\RankMarg\RankMarg-Official\apps\backend\src\index.ts:27:36

  24 try {
  25   logger.info("Running daily tasks for JEE/NEET students");
  26 
→ 27   const user = await prisma.user.findMany(
Can't reach database server at `ep-cold-dust-a19auxvf-pooler.ap-southeast-1.aws.neon.tech:5432`

Please make sure your database server is running at `ep-cold-dust-a19auxvf-pooler.ap-southeast-1.aws.neon.tech:5432`.
2025-06-11 19:03:05 [ERROR]: Error in cron job: 
Invalid `prisma.user.count()` invocation in
E:\Development\RankMarg\RankMarg-Official\apps\backend\src\services\auto\performance.service.ts:16:43

  13 let offset = 0;
  14 
  15 while (true) {
→ 16   const userCount = await prisma.user.count(
Can't reach database server at `ep-cold-dust-a19auxvf-pooler.ap-southeast-1.aws.neon.tech:5432`

Please make sure your database server is running at `ep-cold-dust-a19auxvf-pooler.ap-southeast-1.aws.neon.tech:5432`.
2025-06-11 19:05:00 [ERROR]: Error in cron job: 
Invalid `prisma.user.findMany()` invocation in
E:\Development\RankMarg\RankMarg-Official\apps\backend\src\index.ts:27:36

  24 try {
  25   logger.info("Running daily tasks for JEE/NEET students");
  26 
→ 27   const user = await prisma.user.findMany(
error: Environment variable not found: DATABASE_URL.
  -->  schema.prisma:7
   | 
 6 |   provider = "postgresql"
 7 |   url      = env("DATABASE_URL")
   | 

Validation Error Count: 1
2025-06-11 19:05:00 [ERROR]: Error in cron job: 
Invalid `prisma.user.count()` invocation in
E:\Development\RankMarg\RankMarg-Official\apps\backend\src\services\auto\performance.service.ts:16:43

  13 let offset = 0;
  14 
  15 while (true) {
→ 16   const userCount = await prisma.user.count(
error: Environment variable not found: DATABASE_URL.
  -->  schema.prisma:7
   | 
 6 |   provider = "postgresql"
 7 |   url      = env("DATABASE_URL")
   | 

Validation Error Count: 1
2025-06-11 19:06:00 [ERROR]: Error in cron job: 
Invalid `prisma.user.findMany()` invocation in
E:\Development\RankMarg\RankMarg-Official\apps\backend\src\index.ts:27:36

  24 try {
  25   logger.info("Running daily tasks for JEE/NEET students");
  26 
→ 27   const user = await prisma.user.findMany(
error: Environment variable not found: DATABASE_URL.
  -->  schema.prisma:7
   | 
 6 |   provider = "postgresql"
 7 |   url      = env("DATABASE_URL")
   | 

Validation Error Count: 1
2025-06-11 19:06:00 [ERROR]: Error in cron job: 
Invalid `prisma.user.count()` invocation in
E:\Development\RankMarg\RankMarg-Official\apps\backend\src\services\auto\performance.service.ts:16:43

  13 let offset = 0;
  14 
  15 while (true) {
→ 16   const userCount = await prisma.user.count(
error: Environment variable not found: DATABASE_URL.
  -->  schema.prisma:7
   | 
 6 |   provider = "postgresql"
 7 |   url      = env("DATABASE_URL")
   | 

Validation Error Count: 1
2025-06-11 19:07:00 [ERROR]: Error in cron job: 
Invalid `prisma.user.findMany()` invocation in
E:\Development\RankMarg\RankMarg-Official\apps\backend\src\index.ts:27:36

  24 try {
  25   logger.info("Running daily tasks for JEE/NEET students");
  26 
→ 27   const user = await prisma.user.findMany(
error: Environment variable not found: DATABASE_URL.
  -->  schema.prisma:7
   | 
 6 |   provider = "postgresql"
 7 |   url      = env("DATABASE_URL")
   | 

Validation Error Count: 1
2025-06-11 19:07:00 [ERROR]: Error in cron job: 
Invalid `prisma.user.count()` invocation in
E:\Development\RankMarg\RankMarg-Official\apps\backend\src\services\auto\performance.service.ts:16:43

  13 let offset = 0;
  14 
  15 while (true) {
→ 16   const userCount = await prisma.user.count(
error: Environment variable not found: DATABASE_URL.
  -->  schema.prisma:7
   | 
 6 |   provider = "postgresql"
 7 |   url      = env("DATABASE_URL")
   | 

Validation Error Count: 1
2025-06-11 19:08:00 [ERROR]: Error in cron job: 
Invalid `prisma.user.findMany()` invocation in
E:\Development\RankMarg\RankMarg-Official\apps\backend\src\index.ts:27:36

  24 try {
  25   logger.info("Running daily tasks for JEE/NEET students");
  26 
→ 27   const user = await prisma.user.findMany(
error: Environment variable not found: DATABASE_URL.
  -->  schema.prisma:7
   | 
 6 |   provider = "postgresql"
 7 |   url      = env("DATABASE_URL")
   | 

Validation Error Count: 1
2025-06-11 19:08:00 [ERROR]: Error in cron job: 
Invalid `prisma.user.count()` invocation in
E:\Development\RankMarg\RankMarg-Official\apps\backend\src\services\auto\performance.service.ts:16:43

  13 let offset = 0;
  14 
  15 while (true) {
→ 16   const userCount = await prisma.user.count(
error: Environment variable not found: DATABASE_URL.
  -->  schema.prisma:7
   | 
 6 |   provider = "postgresql"
 7 |   url      = env("DATABASE_URL")
   | 

Validation Error Count: 1
2025-06-11 22:31:00 [ERROR]: Error in cron job: 
Invalid `prisma_1.default.user.count()` invocation in
E:\Development\RankMarg\RankMarg-Official\apps\backend\dist\src\services\auto\performance.service.js:14:59

  11 const batchSize = 100;
  12 let offset = 0;
  13 while (true) {
→ 14     const userCount = await prisma_1.default.user.count(
error: Environment variable not found: DATABASE_URL.
  -->  schema.prisma:7
   | 
 6 |   provider = "postgresql"
 7 |   url      = env("DATABASE_URL")
   | 

Validation Error Count: 1
2025-06-11 22:32:00 [ERROR]: Error in cron job: 
Invalid `prisma_1.default.user.count()` invocation in
E:\Development\RankMarg\RankMarg-Official\apps\backend\dist\src\services\auto\performance.service.js:14:59

  11 const batchSize = 100;
  12 let offset = 0;
  13 while (true) {
→ 14     const userCount = await prisma_1.default.user.count(
error: Environment variable not found: DATABASE_URL.
  -->  schema.prisma:7
   | 
 6 |   provider = "postgresql"
 7 |   url      = env("DATABASE_URL")
   | 

Validation Error Count: 1
2025-06-11 22:33:00 [ERROR]: Error in cron job: 
Invalid `prisma_1.default.user.count()` invocation in
E:\Development\RankMarg\RankMarg-Official\apps\backend\dist\src\services\auto\performance.service.js:14:59

  11 const batchSize = 100;
  12 let offset = 0;
  13 while (true) {
→ 14     const userCount = await prisma_1.default.user.count(
error: Environment variable not found: DATABASE_URL.
  -->  schema.prisma:7
   | 
 6 |   provider = "postgresql"
 7 |   url      = env("DATABASE_URL")
   | 

Validation Error Count: 1
2025-06-11 22:34:00 [ERROR]: Error in cron job: 
Invalid `prisma_1.default.user.count()` invocation in
E:\Development\RankMarg\RankMarg-Official\apps\backend\dist\src\services\auto\performance.service.js:14:59

  11 const batchSize = 100;
  12 let offset = 0;
  13 while (true) {
→ 14     const userCount = await prisma_1.default.user.count(
error: Environment variable not found: DATABASE_URL.
  -->  schema.prisma:7
   | 
 6 |   provider = "postgresql"
 7 |   url      = env("DATABASE_URL")
   | 

Validation Error Count: 1
2025-06-11 22:35:00 [ERROR]: Error in cron job: 
Invalid `prisma_1.default.user.count()` invocation in
E:\Development\RankMarg\RankMarg-Official\apps\backend\dist\src\services\auto\performance.service.js:14:59

  11 const batchSize = 100;
  12 let offset = 0;
  13 while (true) {
→ 14     const userCount = await prisma_1.default.user.count(
error: Environment variable not found: DATABASE_URL.
  -->  schema.prisma:7
   | 
 6 |   provider = "postgresql"
 7 |   url      = env("DATABASE_URL")
   | 

Validation Error Count: 1
2025-06-11 22:36:00 [ERROR]: Error in cron job: 
Invalid `prisma_1.default.user.count()` invocation in
E:\Development\RankMarg\RankMarg-Official\apps\backend\dist\src\services\auto\performance.service.js:14:59

  11 const batchSize = 100;
  12 let offset = 0;
  13 while (true) {
→ 14     const userCount = await prisma_1.default.user.count(
error: Environment variable not found: DATABASE_URL.
  -->  schema.prisma:7
   | 
 6 |   provider = "postgresql"
 7 |   url      = env("DATABASE_URL")
   | 

Validation Error Count: 1
2025-06-11 22:38:11 [ERROR]: Error in cron job: 
Invalid `prisma.user.update()` invocation in
E:\Development\RankMarg\RankMarg-Official\apps\backend\dist\services\auto\performance.service.js:159:31

  156 await this.updateMetric(userId, "TEST_SCORE", avgTestScore);
  157 const gradeCalculator = new StudentGradeCalculator_1.StudentGradeCalculator();
  158 const studentGrade = await gradeCalculator.calculateGrade(userId);
→ 159 await prisma.user.update(
Transaction API error: Transaction already closed: A query cannot be executed on an expired transaction. The timeout for this transaction was 5000 ms, however 7705 ms passed since the start of the transaction. Consider increasing the interactive transaction timeout or doing less work in the transaction.
2025-06-13 13:10:05 [ERROR]: Error in cron job: 
Invalid `prisma.user.count()` invocation in
E:\Development\RankMarg\RankMarg-Official\apps\backend\src\services\auto\performance.service.ts:16:43

  13 let offset = 0;
  14 
  15 while (true) {
→ 16   const userCount = await prisma.user.count(
Can't reach database server at `ep-aged-base-a1wt41l2-pooler.ap-southeast-1.aws.neon.tech:5432`

Please make sure your database server is running at `ep-aged-base-a1wt41l2-pooler.ap-southeast-1.aws.neon.tech:5432`.
2025-06-13 19:05:08 [ERROR]: Error in cron job: 
Invalid `prisma_1.default.testParticipation.findMany()` invocation in
E:\Development\RankMarg\RankMarg-Official\apps\backend\dist\services\auto\performance.service.js:41:48

  38 prisma_1.default.attempt.count({
  39     where: { userId, status: "CORRECT" },
  40 }),
→ 41 prisma_1.default.testParticipation.findMany(
Can't reach database server at `ep-aged-base-a1wt41l2-pooler.ap-southeast-1.aws.neon.tech:5432`

Please make sure your database server is running at `ep-aged-base-a1wt41l2-pooler.ap-southeast-1.aws.neon.tech:5432`.
2025-06-13 19:10:14 [ERROR]: Error in cron job: 
Invalid `prisma_1.default.practiceSession.findMany()` invocation in
E:\Development\RankMarg\RankMarg-Official\apps\backend\dist\services\auto\performance.service.js:56:46

  53     where: { userId },
  54     include: { subject: true },
  55 }),
→ 56 prisma_1.default.practiceSession.findMany(
Can't reach database server at `ep-aged-base-a1wt41l2-pooler.ap-southeast-1.aws.neon.tech:5432`

Please make sure your database server is running at `ep-aged-base-a1wt41l2-pooler.ap-southeast-1.aws.neon.tech:5432`.
2025-07-21 22:12:02 [ERROR]: Error in cron job: Cast to date failed for value "{ gte: 2025-07-17T16:42:02.738Z }" (type Object) at path "createdAt" for model "AIAgentResponse"
2025-07-24 00:00:05 [ERROR]: Error in Reset Streak Job: 
Invalid `prisma.attempt.findMany()` invocation in
E:\Development\RankMarg\RankMarg-Official\apps\backend\src\jobs\resetStreak.job.ts:12:48

   9 
  10 const { from, to } = getDayWindow();
  11 
→ 12 const solvedUserIds = await prisma.attempt.findMany(
Can't reach database server at `ep-morning-leaf-a1kswy2x.ap-southeast-1.aws.neon.tech:5432`

Please make sure your database server is running at `ep-morning-leaf-a1kswy2x.ap-southeast-1.aws.neon.tech:5432`.
2025-07-24 00:00:05 [ERROR]: Error in Suggestion Job: 
Invalid `prisma.user.count()` invocation in
E:\Development\RankMarg\RankMarg-Official\apps\backend\src\services\auto\suggest.service.ts:11:43

   8 let offset = 0;
   9 
  10 while (true) {
→ 11   const userCount = await prisma.user.count(
Can't reach database server at `ep-morning-leaf-a1kswy2x.ap-southeast-1.aws.neon.tech:5432`

Please make sure your database server is running at `ep-morning-leaf-a1kswy2x.ap-southeast-1.aws.neon.tech:5432`.
2025-07-24 00:00:05 [ERROR]: Error in cron job: 
Invalid `prisma.user.count()` invocation in
E:\Development\RankMarg\RankMarg-Official\apps\backend\src\services\auto\session.service.ts:13:43

  10 let offset = 0;
  11 
  12 while (true) {
→ 13   const userCount = await prisma.user.count(
Can't reach database server at `ep-morning-leaf-a1kswy2x.ap-southeast-1.aws.neon.tech:5432`

Please make sure your database server is running at `ep-morning-leaf-a1kswy2x.ap-southeast-1.aws.neon.tech:5432`.
2025-07-24 00:00:05 [ERROR]: Error in cron job: 
Invalid `prisma.user.count()` invocation in
E:\Development\RankMarg\RankMarg-Official\apps\backend\src\services\auto\performance.service.ts:16:43

  13 let offset = 0;
  14 
  15 while (true) {
→ 16   const userCount = await prisma.user.count(
Can't reach database server at `ep-morning-leaf-a1kswy2x.ap-southeast-1.aws.neon.tech:5432`

Please make sure your database server is running at `ep-morning-leaf-a1kswy2x.ap-southeast-1.aws.neon.tech:5432`.
